<?xml version="1.0" encoding="UTF-8"?>
<!-- Generated by org.testng.reporters.JUnitXMLReporter -->
<testsuite ignored="0" hostname="ELSA" failures="0" tests="3" name="TestOnDevice1" time="92.254" errors="0" timestamp="2025-06-19T15:22:53 EDT">
  <testcase classname="org.appium.TestUtils.BaseTest" name="@BeforeClass setUp" time="8.659">
    <failure type="org.openqa.selenium.SessionNotCreatedException" message="Could not start a new session. Response code 500. Message: An unknown server-side error occurred while processing the command. Original error: Device R3CRC00KHBT was not in the list of connected devices 
Host info: host: &amp;apos;ELSA&amp;apos;, ip: &amp;apos;192.168.2.20&amp;apos;
Build info: version: &amp;apos;4.33.0&amp;apos;, revision: &amp;apos;2c6aaad03a&amp;apos;
System info: os.name: &amp;apos;Windows 11&amp;apos;, os.arch: &amp;apos;amd64&amp;apos;, os.version: &amp;apos;10.0&amp;apos;, java.version: &amp;apos;11.0.26&amp;apos;
Driver info: io.appium.java_client.android.AndroidDriver
Command: [null, newSession {capabilities=[{appium:appActivity=com.androidsample.generalstore.SplashActivity, appium:appPackage=com.androidsample.generalstore, appium:automationName=UiAutomator2, appium:deviceName=Samsung_Galaxy_S21, appium:noReset=true, platformName=ANDROID, appium:platformVersion=10.0, appium:systemPort=8201, appium:udid=R3CRC00KHBT}], desiredCapabilities=Capabilities {appActivity: com.androidsample.generalst..., appPackage: com.androidsample.generalstore, automationName: UiAutomator2, deviceName: Samsung_Galaxy_S21, noReset: true, platformName: ANDROID, platformVersion: 10.0, systemPort: 8201, udid: R3CRC00KHBT}}]
Capabilities {appActivity: com.androidsample.generalst..., appPackage: com.androidsample.generalstore, automationName: UiAutomator2, deviceName: Samsung_Galaxy_S21, noReset: true, platformName: ANDROID, platformVersion: 10.0, systemPort: 8201, udid: R3CRC00KHBT}">
      <![CDATA[org.openqa.selenium.SessionNotCreatedException: Could not start a new session. Response code 500. Message: An unknown server-side error occurred while processing the command. Original error: Device R3CRC00KHBT was not in the list of connected devices 
Host info: host: 'ELSA', ip: '192.168.2.20'
Build info: version: '4.33.0', revision: '2c6aaad03a'
System info: os.name: 'Windows 11', os.arch: 'amd64', os.version: '10.0', java.version: '11.0.26'
Driver info: io.appium.java_client.android.AndroidDriver
Command: [null, newSession {capabilities=[{appium:appActivity=com.androidsample.generalstore.SplashActivity, appium:appPackage=com.androidsample.generalstore, appium:automationName=UiAutomator2, appium:deviceName=Samsung_Galaxy_S21, appium:noReset=true, platformName=ANDROID, appium:platformVersion=10.0, appium:systemPort=8201, appium:udid=R3CRC00KHBT}], desiredCapabilities=Capabilities {appActivity: com.androidsample.generalst..., appPackage: com.androidsample.generalstore, automationName: UiAutomator2, deviceName: Samsung_Galaxy_S21, noReset: true, platformName: ANDROID, platformVersion: 10.0, systemPort: 8201, udid: R3CRC00KHBT}}]
Capabilities {appActivity: com.androidsample.generalst..., appPackage: com.androidsample.generalstore, automationName: UiAutomator2, deviceName: Samsung_Galaxy_S21, noReset: true, platformName: ANDROID, platformVersion: 10.0, systemPort: 8201, udid: R3CRC00KHBT}
at org.openqa.selenium.remote.ProtocolHandshake.createSession(ProtocolHandshake.java:140)
at io.appium.java_client.remote.AppiumProtocolHandshake.createSession(AppiumProtocolHandshake.java:133)
at io.appium.java_client.remote.AppiumProtocolHandshake.createSession(AppiumProtocolHandshake.java:102)
at io.appium.java_client.remote.AppiumCommandExecutor.createSession(AppiumCommandExecutor.java:182)
at io.appium.java_client.remote.AppiumCommandExecutor.execute(AppiumCommandExecutor.java:250)
at org.openqa.selenium.remote.RemoteWebDriver.execute(RemoteWebDriver.java:602)
at io.appium.java_client.AppiumDriver.startSession(AppiumDriver.java:274)
at org.openqa.selenium.remote.RemoteWebDriver.<init>(RemoteWebDriver.java:163)
at io.appium.java_client.AppiumDriver.<init>(AppiumDriver.java:89)
at io.appium.java_client.AppiumDriver.<init>(AppiumDriver.java:101)
at io.appium.java_client.android.AndroidDriver.<init>(AndroidDriver.java:113)
at org.appium.TestUtils.BaseTest.setUp(BaseTest.java:45)
at java.base/java.util.ArrayList.forEach(ArrayList.java:1541)
at java.base/java.util.concurrent.FutureTask.run(FutureTask.java:264)
at java.base/java.util.concurrent.ThreadPoolExecutor.runWorker(ThreadPoolExecutor.java:1128)
at java.base/java.util.concurrent.ThreadPoolExecutor$Worker.run(ThreadPoolExecutor.java:628)
at java.base/java.lang.Thread.run(Thread.java:834)
... Removed 19 stack frames]]>
    </failure>
  </testcase> <!-- @BeforeClass setUp -->
  <testcase classname="org.appium.TestUtils.BaseTest" name="@BeforeClass setUp" time="3.348">
    <failure type="org.openqa.selenium.SessionNotCreatedException" message="Could not start a new session. Response code 500. Message: An unknown server-side error occurred while processing the command. Original error: Device R3CRC00KHBT was not in the list of connected devices 
Host info: host: &amp;apos;ELSA&amp;apos;, ip: &amp;apos;192.168.2.20&amp;apos;
Build info: version: &amp;apos;4.33.0&amp;apos;, revision: &amp;apos;2c6aaad03a&amp;apos;
System info: os.name: &amp;apos;Windows 11&amp;apos;, os.arch: &amp;apos;amd64&amp;apos;, os.version: &amp;apos;10.0&amp;apos;, java.version: &amp;apos;11.0.26&amp;apos;
Driver info: io.appium.java_client.android.AndroidDriver
Command: [null, newSession {capabilities=[{appium:appActivity=com.androidsample.generalstore.SplashActivity, appium:appPackage=com.androidsample.generalstore, appium:automationName=UiAutomator2, appium:deviceName=Samsung_Galaxy_S21, appium:noReset=true, platformName=ANDROID, appium:platformVersion=10.0, appium:systemPort=8201, appium:udid=R3CRC00KHBT}], desiredCapabilities=Capabilities {appActivity: com.androidsample.generalst..., appPackage: com.androidsample.generalstore, automationName: UiAutomator2, deviceName: Samsung_Galaxy_S21, noReset: true, platformName: ANDROID, platformVersion: 10.0, systemPort: 8201, udid: R3CRC00KHBT}}]
Capabilities {appActivity: com.androidsample.generalst..., appPackage: com.androidsample.generalstore, automationName: UiAutomator2, deviceName: Samsung_Galaxy_S21, noReset: true, platformName: ANDROID, platformVersion: 10.0, systemPort: 8201, udid: R3CRC00KHBT}">
      <![CDATA[org.openqa.selenium.SessionNotCreatedException: Could not start a new session. Response code 500. Message: An unknown server-side error occurred while processing the command. Original error: Device R3CRC00KHBT was not in the list of connected devices 
Host info: host: 'ELSA', ip: '192.168.2.20'
Build info: version: '4.33.0', revision: '2c6aaad03a'
System info: os.name: 'Windows 11', os.arch: 'amd64', os.version: '10.0', java.version: '11.0.26'
Driver info: io.appium.java_client.android.AndroidDriver
Command: [null, newSession {capabilities=[{appium:appActivity=com.androidsample.generalstore.SplashActivity, appium:appPackage=com.androidsample.generalstore, appium:automationName=UiAutomator2, appium:deviceName=Samsung_Galaxy_S21, appium:noReset=true, platformName=ANDROID, appium:platformVersion=10.0, appium:systemPort=8201, appium:udid=R3CRC00KHBT}], desiredCapabilities=Capabilities {appActivity: com.androidsample.generalst..., appPackage: com.androidsample.generalstore, automationName: UiAutomator2, deviceName: Samsung_Galaxy_S21, noReset: true, platformName: ANDROID, platformVersion: 10.0, systemPort: 8201, udid: R3CRC00KHBT}}]
Capabilities {appActivity: com.androidsample.generalst..., appPackage: com.androidsample.generalstore, automationName: UiAutomator2, deviceName: Samsung_Galaxy_S21, noReset: true, platformName: ANDROID, platformVersion: 10.0, systemPort: 8201, udid: R3CRC00KHBT}
at org.openqa.selenium.remote.ProtocolHandshake.createSession(ProtocolHandshake.java:140)
at io.appium.java_client.remote.AppiumProtocolHandshake.createSession(AppiumProtocolHandshake.java:133)
at io.appium.java_client.remote.AppiumProtocolHandshake.createSession(AppiumProtocolHandshake.java:102)
at io.appium.java_client.remote.AppiumCommandExecutor.createSession(AppiumCommandExecutor.java:182)
at io.appium.java_client.remote.AppiumCommandExecutor.execute(AppiumCommandExecutor.java:250)
at org.openqa.selenium.remote.RemoteWebDriver.execute(RemoteWebDriver.java:602)
at io.appium.java_client.AppiumDriver.startSession(AppiumDriver.java:274)
at org.openqa.selenium.remote.RemoteWebDriver.<init>(RemoteWebDriver.java:163)
at io.appium.java_client.AppiumDriver.<init>(AppiumDriver.java:89)
at io.appium.java_client.AppiumDriver.<init>(AppiumDriver.java:101)
at io.appium.java_client.android.AndroidDriver.<init>(AndroidDriver.java:113)
at org.appium.TestUtils.BaseTest.setUp(BaseTest.java:45)
at java.base/java.util.ArrayList.forEach(ArrayList.java:1541)
at java.base/java.util.concurrent.FutureTask.run(FutureTask.java:264)
at java.base/java.util.concurrent.ThreadPoolExecutor.runWorker(ThreadPoolExecutor.java:1128)
at java.base/java.util.concurrent.ThreadPoolExecutor$Worker.run(ThreadPoolExecutor.java:628)
at java.base/java.lang.Thread.run(Thread.java:834)
... Removed 19 stack frames]]>
    </failure>
  </testcase> <!-- @BeforeClass setUp -->
  <testcase classname="org.appium.TestUtils.BaseTest" name="@BeforeClass setUp" time="3.282">
    <failure type="org.openqa.selenium.SessionNotCreatedException" message="Could not start a new session. Response code 500. Message: An unknown server-side error occurred while processing the command. Original error: Device R3CRC00KHBT was not in the list of connected devices 
Host info: host: &amp;apos;ELSA&amp;apos;, ip: &amp;apos;192.168.2.20&amp;apos;
Build info: version: &amp;apos;4.33.0&amp;apos;, revision: &amp;apos;2c6aaad03a&amp;apos;
System info: os.name: &amp;apos;Windows 11&amp;apos;, os.arch: &amp;apos;amd64&amp;apos;, os.version: &amp;apos;10.0&amp;apos;, java.version: &amp;apos;11.0.26&amp;apos;
Driver info: io.appium.java_client.android.AndroidDriver
Command: [null, newSession {capabilities=[{appium:appActivity=com.androidsample.generalstore.SplashActivity, appium:appPackage=com.androidsample.generalstore, appium:automationName=UiAutomator2, appium:deviceName=Samsung_Galaxy_S21, appium:noReset=true, platformName=ANDROID, appium:platformVersion=10.0, appium:systemPort=8201, appium:udid=R3CRC00KHBT}], desiredCapabilities=Capabilities {appActivity: com.androidsample.generalst..., appPackage: com.androidsample.generalstore, automationName: UiAutomator2, deviceName: Samsung_Galaxy_S21, noReset: true, platformName: ANDROID, platformVersion: 10.0, systemPort: 8201, udid: R3CRC00KHBT}}]
Capabilities {appActivity: com.androidsample.generalst..., appPackage: com.androidsample.generalstore, automationName: UiAutomator2, deviceName: Samsung_Galaxy_S21, noReset: true, platformName: ANDROID, platformVersion: 10.0, systemPort: 8201, udid: R3CRC00KHBT}">
      <![CDATA[org.openqa.selenium.SessionNotCreatedException: Could not start a new session. Response code 500. Message: An unknown server-side error occurred while processing the command. Original error: Device R3CRC00KHBT was not in the list of connected devices 
Host info: host: 'ELSA', ip: '192.168.2.20'
Build info: version: '4.33.0', revision: '2c6aaad03a'
System info: os.name: 'Windows 11', os.arch: 'amd64', os.version: '10.0', java.version: '11.0.26'
Driver info: io.appium.java_client.android.AndroidDriver
Command: [null, newSession {capabilities=[{appium:appActivity=com.androidsample.generalstore.SplashActivity, appium:appPackage=com.androidsample.generalstore, appium:automationName=UiAutomator2, appium:deviceName=Samsung_Galaxy_S21, appium:noReset=true, platformName=ANDROID, appium:platformVersion=10.0, appium:systemPort=8201, appium:udid=R3CRC00KHBT}], desiredCapabilities=Capabilities {appActivity: com.androidsample.generalst..., appPackage: com.androidsample.generalstore, automationName: UiAutomator2, deviceName: Samsung_Galaxy_S21, noReset: true, platformName: ANDROID, platformVersion: 10.0, systemPort: 8201, udid: R3CRC00KHBT}}]
Capabilities {appActivity: com.androidsample.generalst..., appPackage: com.androidsample.generalstore, automationName: UiAutomator2, deviceName: Samsung_Galaxy_S21, noReset: true, platformName: ANDROID, platformVersion: 10.0, systemPort: 8201, udid: R3CRC00KHBT}
at org.openqa.selenium.remote.ProtocolHandshake.createSession(ProtocolHandshake.java:140)
at io.appium.java_client.remote.AppiumProtocolHandshake.createSession(AppiumProtocolHandshake.java:133)
at io.appium.java_client.remote.AppiumProtocolHandshake.createSession(AppiumProtocolHandshake.java:102)
at io.appium.java_client.remote.AppiumCommandExecutor.createSession(AppiumCommandExecutor.java:182)
at io.appium.java_client.remote.AppiumCommandExecutor.execute(AppiumCommandExecutor.java:250)
at org.openqa.selenium.remote.RemoteWebDriver.execute(RemoteWebDriver.java:602)
at io.appium.java_client.AppiumDriver.startSession(AppiumDriver.java:274)
at org.openqa.selenium.remote.RemoteWebDriver.<init>(RemoteWebDriver.java:163)
at io.appium.java_client.AppiumDriver.<init>(AppiumDriver.java:89)
at io.appium.java_client.AppiumDriver.<init>(AppiumDriver.java:101)
at io.appium.java_client.android.AndroidDriver.<init>(AndroidDriver.java:113)
at org.appium.TestUtils.BaseTest.setUp(BaseTest.java:45)
at java.base/java.util.ArrayList.forEach(ArrayList.java:1541)
at java.base/java.util.concurrent.FutureTask.run(FutureTask.java:264)
at java.base/java.util.concurrent.ThreadPoolExecutor.runWorker(ThreadPoolExecutor.java:1128)
at java.base/java.util.concurrent.ThreadPoolExecutor$Worker.run(ThreadPoolExecutor.java:628)
at java.base/java.lang.Thread.run(Thread.java:834)
... Removed 19 stack frames]]>
    </failure>
  </testcase> <!-- @BeforeClass setUp -->
  <testcase classname="org.testCase.TestCase1" name="FirstCase" time="10.308"/>
  <testcase classname="org.testCase.TestCase2" name="SecondCase" time="15.797"/>
  <testcase classname="org.testCase.TestCase3" name="ThirdCase" time="24.453"/>
</testsuite> <!-- TestOnDevice1 -->
