<?xml version="1.0" encoding="UTF-8"?>
<!-- Generated by org.testng.reporters.JUnitXMLReporter -->
<testsuite ignored="0" hostname="ELSA" failures="0" tests="3" name="TestOnDevice1" time="70.257" errors="0" timestamp="2025-06-17T23:41:35 EDT">
  <testcase classname="org.testCase.TestCase1" name="FirstCase" time="5.841"/>
  <testcase classname="org.testCase.TestCase2" name="SecondCase" time="15.19"/>
  <testcase classname="org.testCase.TestCase3" name="ThirdCase" time="15.298"/>
</testsuite> <!-- TestOnDevice1 -->
