<?xml version="1.0" encoding="UTF-8"?>
<!-- Generated by org.testng.reporters.JUnitXMLReporter -->
<testsuite ignored="0" hostname="ELSA" failures="0" tests="3" name="TestOnDevice2" time="25.551" errors="0" timestamp="2025-06-19T13:38:06 EDT">
  <testcase classname="org.testCase.TestCase1" name="FirstCase" time="0.0">
    <skipped/>
  </testcase> <!-- FirstCase -->
  <testcase classname="org.testCase.TestCase2" name="SecondCase" time="0.0">
    <skipped/>
  </testcase> <!-- SecondCase -->
  <testcase classname="org.testCase.TestCase3" name="ThirdCase" time="0.0">
    <skipped/>
  </testcase> <!-- ThirdCase -->
</testsuite> <!-- TestOnDevice2 -->
