<?xml version="1.0" encoding="UTF-8"?>
<!-- Generated by org.testng.reporters.JUnitXMLReporter -->
<testsuite ignored="0" hostname="ELSA" failures="0" tests="3" name="TestOnDevice2" time="72.376" errors="0" timestamp="2025-06-18T00:45:45 EDT">
  <testcase classname="org.testCase.TestCase1" name="FirstCase" time="6.12"/>
  <testcase classname="org.testCase.TestCase2" name="SecondCase" time="15.609"/>
  <testcase classname="org.testCase.TestCase3" name="ThirdCase" time="17.532"/>
</testsuite> <!-- TestOnDevice2 -->
