<?xml version="1.0" encoding="UTF-8"?>
<testng-results ignored="0" total="4" passed="4" failed="0" skipped="0">
  <reporter-output>
  </reporter-output>
  <suite started-at="2025-06-17T19:35:24 EDT" name="AppiumParallelSuite" finished-at="2025-06-17T19:36:10 EDT" duration-ms="45790">
    <groups>
    </groups>
    <test started-at="2025-06-17T19:35:24 EDT" name="TestOnDevice2" finished-at="2025-06-17T19:36:09 EDT" duration-ms="45091">
      <class name="org.testCase.TestCase1">
        <test-method is-config="true" signature="setUp(java.lang.String)[pri:0, instance:org.testCase.TestCase1@353352b6]" started-at="2025-06-17T19:35:24 EDT" name="setUp" finished-at="2025-06-17T19:35:34 EDT" duration-ms="9681" status="PASS">
          <params>
            <param index="0">
              <value>
                <![CDATA[1]]>
              </value>
            </param>
          </params>
          <reporter-output>
          </reporter-output>
        </test-method> <!-- setUp -->
        <test-method signature="FirstCase()[pri:0, instance:org.testCase.TestCase1@353352b6]" started-at="2025-06-17T19:35:34 EDT" name="FirstCase" finished-at="2025-06-17T19:35:40 EDT" duration-ms="5884" status="PASS">
          <reporter-output>
          </reporter-output>
        </test-method> <!-- FirstCase -->
        <test-method is-config="true" signature="tearDown()[pri:0, instance:org.testCase.TestCase1@353352b6]" started-at="2025-06-17T19:35:41 EDT" name="tearDown" finished-at="2025-06-17T19:35:42 EDT" duration-ms="1384" status="PASS">
          <reporter-output>
          </reporter-output>
        </test-method> <!-- tearDown -->
      </class> <!-- org.testCase.TestCase1 -->
      <class name="org.testCase.TestCase2">
        <test-method is-config="true" signature="setUp(java.lang.String)[pri:0, instance:org.testCase.TestCase2@4681c175]" started-at="2025-06-17T19:35:42 EDT" name="setUp" finished-at="2025-06-17T19:35:51 EDT" duration-ms="8451" status="PASS">
          <params>
            <param index="0">
              <value>
                <![CDATA[1]]>
              </value>
            </param>
          </params>
          <reporter-output>
          </reporter-output>
        </test-method> <!-- setUp -->
        <test-method signature="SecondCase()[pri:0, instance:org.testCase.TestCase2@4681c175]" started-at="2025-06-17T19:35:51 EDT" name="SecondCase" finished-at="2025-06-17T19:36:07 EDT" duration-ms="16770" status="PASS">
          <reporter-output>
          </reporter-output>
        </test-method> <!-- SecondCase -->
        <test-method is-config="true" signature="tearDown()[pri:0, instance:org.testCase.TestCase2@4681c175]" started-at="2025-06-17T19:36:08 EDT" name="tearDown" finished-at="2025-06-17T19:36:09 EDT" duration-ms="1438" status="PASS">
          <reporter-output>
          </reporter-output>
        </test-method> <!-- tearDown -->
      </class> <!-- org.testCase.TestCase2 -->
    </test> <!-- TestOnDevice2 -->
    <test started-at="2025-06-17T19:35:24 EDT" name="TestOnDevice1" finished-at="2025-06-17T19:36:10 EDT" duration-ms="45790">
      <class name="org.testCase.TestCase1">
        <test-method is-config="true" signature="setUp(java.lang.String)[pri:0, instance:org.testCase.TestCase1@470734c3]" started-at="2025-06-17T19:35:24 EDT" name="setUp" finished-at="2025-06-17T19:35:35 EDT" duration-ms="10524" status="PASS">
          <params>
            <param index="0">
              <value>
                <![CDATA[0]]>
              </value>
            </param>
          </params>
          <reporter-output>
          </reporter-output>
        </test-method> <!-- setUp -->
        <test-method signature="FirstCase()[pri:0, instance:org.testCase.TestCase1@470734c3]" started-at="2025-06-17T19:35:35 EDT" name="FirstCase" finished-at="2025-06-17T19:35:41 EDT" duration-ms="5905" status="PASS">
          <reporter-output>
          </reporter-output>
        </test-method> <!-- FirstCase -->
        <test-method is-config="true" signature="tearDown()[pri:0, instance:org.testCase.TestCase1@470734c3]" started-at="2025-06-17T19:35:42 EDT" name="tearDown" finished-at="2025-06-17T19:35:44 EDT" duration-ms="1902" status="PASS">
          <reporter-output>
          </reporter-output>
        </test-method> <!-- tearDown -->
      </class> <!-- org.testCase.TestCase1 -->
      <class name="org.testCase.TestCase2">
        <test-method is-config="true" signature="setUp(java.lang.String)[pri:0, instance:org.testCase.TestCase2@74ea2410]" started-at="2025-06-17T19:35:44 EDT" name="setUp" finished-at="2025-06-17T19:35:53 EDT" duration-ms="8754" status="PASS">
          <params>
            <param index="0">
              <value>
                <![CDATA[0]]>
              </value>
            </param>
          </params>
          <reporter-output>
          </reporter-output>
        </test-method> <!-- setUp -->
        <test-method signature="SecondCase()[pri:0, instance:org.testCase.TestCase2@74ea2410]" started-at="2025-06-17T19:35:53 EDT" name="SecondCase" finished-at="2025-06-17T19:36:08 EDT" duration-ms="15203" status="PASS">
          <reporter-output>
          </reporter-output>
        </test-method> <!-- SecondCase -->
        <test-method is-config="true" signature="tearDown()[pri:0, instance:org.testCase.TestCase2@74ea2410]" started-at="2025-06-17T19:36:09 EDT" name="tearDown" finished-at="2025-06-17T19:36:10 EDT" duration-ms="1252" status="PASS">
          <reporter-output>
          </reporter-output>
        </test-method> <!-- tearDown -->
      </class> <!-- org.testCase.TestCase2 -->
    </test> <!-- TestOnDevice1 -->
  </suite> <!-- AppiumParallelSuite -->
</testng-results>
