-------------------------------------------------------------------------------
Test set: TestSuite
-------------------------------------------------------------------------------
Tests run: 9, Failures: 3, Errors: 0, Skipped: 3, Time elapsed: 131.609 s <<< FAILURE! - in TestSuite
org.testCase.TestCase1.setUp[1, 1](0)  Time elapsed: 13.075 s  <<< FAILURE!
org.openqa.selenium.SessionNotCreatedException: 
Could not start a new session. Response code 500. Message: An unknown server-side error occurred while processing the command. Original error: Device R3CRC00KHBT was not in the list of connected devices 
Host info: host: 'ELSA', ip: '192.168.2.20'
Build info: version: '4.33.0', revision: '2c6aaad03a'
System info: os.name: 'Windows 11', os.arch: 'amd64', os.version: '10.0', java.version: '11.0.26'
Driver info: io.appium.java_client.android.AndroidDriver
Command: [null, newSession {capabilities=[{appium:appActivity=com.androidsample.generalstore.SplashActivity, appium:appPackage=com.androidsample.generalstore, appium:automationName=UiAutomator2, appium:deviceName=Samsung_Galaxy_S21, appium:noReset=true, platformName=ANDROID, appium:platformVersion=10.0, appium:systemPort=8201, appium:udid=R3CRC00KHBT}], desiredCapabilities=Capabilities {appActivity: com.androidsample.generalst..., appPackage: com.androidsample.generalstore, automationName: UiAutomator2, deviceName: Samsung_Galaxy_S21, noReset: true, platformName: ANDROID, platformVersion: 10.0, systemPort: 8201, udid: R3CRC00KHBT}}]
Capabilities {appActivity: com.androidsample.generalst..., appPackage: com.androidsample.generalstore, automationName: UiAutomator2, deviceName: Samsung_Galaxy_S21, noReset: true, platformName: ANDROID, platformVersion: 10.0, systemPort: 8201, udid: R3CRC00KHBT}
	at org.openqa.selenium.remote.ProtocolHandshake.createSession(ProtocolHandshake.java:140)
	at java.base/jdk.internal.reflect.NativeMethodAccessorImpl.invoke0(Native Method)
	at java.base/jdk.internal.reflect.NativeMethodAccessorImpl.invoke(NativeMethodAccessorImpl.java:62)
	at java.base/jdk.internal.reflect.DelegatingMethodAccessorImpl.invoke(DelegatingMethodAccessorImpl.java:43)
	at java.base/java.lang.reflect.Method.invoke(Method.java:566)
	at io.appium.java_client.remote.AppiumProtocolHandshake.createSession(AppiumProtocolHandshake.java:133)
	at io.appium.java_client.remote.AppiumProtocolHandshake.createSession(AppiumProtocolHandshake.java:102)
	at io.appium.java_client.remote.AppiumCommandExecutor.createSession(AppiumCommandExecutor.java:182)
	at io.appium.java_client.remote.AppiumCommandExecutor.execute(AppiumCommandExecutor.java:250)
	at org.openqa.selenium.remote.RemoteWebDriver.execute(RemoteWebDriver.java:602)
	at io.appium.java_client.AppiumDriver.startSession(AppiumDriver.java:274)
	at org.openqa.selenium.remote.RemoteWebDriver.<init>(RemoteWebDriver.java:163)
	at io.appium.java_client.AppiumDriver.<init>(AppiumDriver.java:89)
	at io.appium.java_client.AppiumDriver.<init>(AppiumDriver.java:101)
	at io.appium.java_client.android.AndroidDriver.<init>(AndroidDriver.java:113)
	at org.appium.TestUtils.BaseTest.setUp(BaseTest.java:45)
	at java.base/jdk.internal.reflect.NativeMethodAccessorImpl.invoke0(Native Method)
	at java.base/jdk.internal.reflect.NativeMethodAccessorImpl.invoke(NativeMethodAccessorImpl.java:62)
	at java.base/jdk.internal.reflect.DelegatingMethodAccessorImpl.invoke(DelegatingMethodAccessorImpl.java:43)
	at java.base/java.lang.reflect.Method.invoke(Method.java:566)
	at org.testng.internal.invokers.MethodInvocationHelper.invokeMethod(MethodInvocationHelper.java:141)
	at org.testng.internal.invokers.MethodInvocationHelper.invokeMethodConsideringTimeout(MethodInvocationHelper.java:71)
	at org.testng.internal.invokers.ConfigInvoker.invokeConfigurationMethod(ConfigInvoker.java:400)
	at org.testng.internal.invokers.ConfigInvoker.invokeConfigurations(ConfigInvoker.java:333)
	at org.testng.internal.invokers.TestMethodWorker.invokeBeforeClassMethods(TestMethodWorker.java:188)
	at org.testng.internal.invokers.TestMethodWorker.run(TestMethodWorker.java:128)
	at java.base/java.util.ArrayList.forEach(ArrayList.java:1541)
	at org.testng.TestRunner.privateRun(TestRunner.java:741)
	at org.testng.TestRunner.run(TestRunner.java:616)
	at org.testng.SuiteRunner.runTest(SuiteRunner.java:421)
	at org.testng.SuiteRunner$SuiteWorker.run(SuiteRunner.java:463)
	at org.testng.internal.thread.ThreadUtil.lambda$execute$0(ThreadUtil.java:64)
	at java.base/java.util.concurrent.FutureTask.run(FutureTask.java:264)
	at java.base/java.util.concurrent.ThreadPoolExecutor.runWorker(ThreadPoolExecutor.java:1128)
	at java.base/java.util.concurrent.ThreadPoolExecutor$Worker.run(ThreadPoolExecutor.java:628)
	at java.base/java.lang.Thread.run(Thread.java:834)

org.testCase.TestCase2.setUp[1, 1](0)  Time elapsed: 8.522 s  <<< FAILURE!
org.openqa.selenium.SessionNotCreatedException: 
Could not start a new session. Response code 500. Message: An unknown server-side error occurred while processing the command. Original error: Device R3CRC00KHBT was not in the list of connected devices 
Host info: host: 'ELSA', ip: '192.168.2.20'
Build info: version: '4.33.0', revision: '2c6aaad03a'
System info: os.name: 'Windows 11', os.arch: 'amd64', os.version: '10.0', java.version: '11.0.26'
Driver info: io.appium.java_client.android.AndroidDriver
Command: [null, newSession {capabilities=[{appium:appActivity=com.androidsample.generalstore.SplashActivity, appium:appPackage=com.androidsample.generalstore, appium:automationName=UiAutomator2, appium:deviceName=Samsung_Galaxy_S21, appium:noReset=true, platformName=ANDROID, appium:platformVersion=10.0, appium:systemPort=8201, appium:udid=R3CRC00KHBT}], desiredCapabilities=Capabilities {appActivity: com.androidsample.generalst..., appPackage: com.androidsample.generalstore, automationName: UiAutomator2, deviceName: Samsung_Galaxy_S21, noReset: true, platformName: ANDROID, platformVersion: 10.0, systemPort: 8201, udid: R3CRC00KHBT}}]
Capabilities {appActivity: com.androidsample.generalst..., appPackage: com.androidsample.generalstore, automationName: UiAutomator2, deviceName: Samsung_Galaxy_S21, noReset: true, platformName: ANDROID, platformVersion: 10.0, systemPort: 8201, udid: R3CRC00KHBT}
	at org.openqa.selenium.remote.ProtocolHandshake.createSession(ProtocolHandshake.java:140)
	at java.base/jdk.internal.reflect.NativeMethodAccessorImpl.invoke0(Native Method)
	at java.base/jdk.internal.reflect.NativeMethodAccessorImpl.invoke(NativeMethodAccessorImpl.java:62)
	at java.base/jdk.internal.reflect.DelegatingMethodAccessorImpl.invoke(DelegatingMethodAccessorImpl.java:43)
	at java.base/java.lang.reflect.Method.invoke(Method.java:566)
	at io.appium.java_client.remote.AppiumProtocolHandshake.createSession(AppiumProtocolHandshake.java:133)
	at io.appium.java_client.remote.AppiumProtocolHandshake.createSession(AppiumProtocolHandshake.java:102)
	at io.appium.java_client.remote.AppiumCommandExecutor.createSession(AppiumCommandExecutor.java:182)
	at io.appium.java_client.remote.AppiumCommandExecutor.execute(AppiumCommandExecutor.java:250)
	at org.openqa.selenium.remote.RemoteWebDriver.execute(RemoteWebDriver.java:602)
	at io.appium.java_client.AppiumDriver.startSession(AppiumDriver.java:274)
	at org.openqa.selenium.remote.RemoteWebDriver.<init>(RemoteWebDriver.java:163)
	at io.appium.java_client.AppiumDriver.<init>(AppiumDriver.java:89)
	at io.appium.java_client.AppiumDriver.<init>(AppiumDriver.java:101)
	at io.appium.java_client.android.AndroidDriver.<init>(AndroidDriver.java:113)
	at org.appium.TestUtils.BaseTest.setUp(BaseTest.java:45)
	at java.base/jdk.internal.reflect.NativeMethodAccessorImpl.invoke0(Native Method)
	at java.base/jdk.internal.reflect.NativeMethodAccessorImpl.invoke(NativeMethodAccessorImpl.java:62)
	at java.base/jdk.internal.reflect.DelegatingMethodAccessorImpl.invoke(DelegatingMethodAccessorImpl.java:43)
	at java.base/java.lang.reflect.Method.invoke(Method.java:566)
	at org.testng.internal.invokers.MethodInvocationHelper.invokeMethod(MethodInvocationHelper.java:141)
	at org.testng.internal.invokers.MethodInvocationHelper.invokeMethodConsideringTimeout(MethodInvocationHelper.java:71)
	at org.testng.internal.invokers.ConfigInvoker.invokeConfigurationMethod(ConfigInvoker.java:400)
	at org.testng.internal.invokers.ConfigInvoker.invokeConfigurations(ConfigInvoker.java:333)
	at org.testng.internal.invokers.TestMethodWorker.invokeBeforeClassMethods(TestMethodWorker.java:188)
	at org.testng.internal.invokers.TestMethodWorker.run(TestMethodWorker.java:128)
	at java.base/java.util.ArrayList.forEach(ArrayList.java:1541)
	at org.testng.TestRunner.privateRun(TestRunner.java:741)
	at org.testng.TestRunner.run(TestRunner.java:616)
	at org.testng.SuiteRunner.runTest(SuiteRunner.java:421)
	at org.testng.SuiteRunner$SuiteWorker.run(SuiteRunner.java:463)
	at org.testng.internal.thread.ThreadUtil.lambda$execute$0(ThreadUtil.java:64)
	at java.base/java.util.concurrent.FutureTask.run(FutureTask.java:264)
	at java.base/java.util.concurrent.ThreadPoolExecutor.runWorker(ThreadPoolExecutor.java:1128)
	at java.base/java.util.concurrent.ThreadPoolExecutor$Worker.run(ThreadPoolExecutor.java:628)
	at java.base/java.lang.Thread.run(Thread.java:834)

org.testCase.TestCase3.setUp[1, 1](0)  Time elapsed: 3.409 s  <<< FAILURE!
org.openqa.selenium.SessionNotCreatedException: 
Could not start a new session. Response code 500. Message: An unknown server-side error occurred while processing the command. Original error: Device R3CRC00KHBT was not in the list of connected devices 
Host info: host: 'ELSA', ip: '192.168.2.20'
Build info: version: '4.33.0', revision: '2c6aaad03a'
System info: os.name: 'Windows 11', os.arch: 'amd64', os.version: '10.0', java.version: '11.0.26'
Driver info: io.appium.java_client.android.AndroidDriver
Command: [null, newSession {capabilities=[{appium:appActivity=com.androidsample.generalstore.SplashActivity, appium:appPackage=com.androidsample.generalstore, appium:automationName=UiAutomator2, appium:deviceName=Samsung_Galaxy_S21, appium:noReset=true, platformName=ANDROID, appium:platformVersion=10.0, appium:systemPort=8201, appium:udid=R3CRC00KHBT}], desiredCapabilities=Capabilities {appActivity: com.androidsample.generalst..., appPackage: com.androidsample.generalstore, automationName: UiAutomator2, deviceName: Samsung_Galaxy_S21, noReset: true, platformName: ANDROID, platformVersion: 10.0, systemPort: 8201, udid: R3CRC00KHBT}}]
Capabilities {appActivity: com.androidsample.generalst..., appPackage: com.androidsample.generalstore, automationName: UiAutomator2, deviceName: Samsung_Galaxy_S21, noReset: true, platformName: ANDROID, platformVersion: 10.0, systemPort: 8201, udid: R3CRC00KHBT}
	at org.openqa.selenium.remote.ProtocolHandshake.createSession(ProtocolHandshake.java:140)
	at java.base/jdk.internal.reflect.NativeMethodAccessorImpl.invoke0(Native Method)
	at java.base/jdk.internal.reflect.NativeMethodAccessorImpl.invoke(NativeMethodAccessorImpl.java:62)
	at java.base/jdk.internal.reflect.DelegatingMethodAccessorImpl.invoke(DelegatingMethodAccessorImpl.java:43)
	at java.base/java.lang.reflect.Method.invoke(Method.java:566)
	at io.appium.java_client.remote.AppiumProtocolHandshake.createSession(AppiumProtocolHandshake.java:133)
	at io.appium.java_client.remote.AppiumProtocolHandshake.createSession(AppiumProtocolHandshake.java:102)
	at io.appium.java_client.remote.AppiumCommandExecutor.createSession(AppiumCommandExecutor.java:182)
	at io.appium.java_client.remote.AppiumCommandExecutor.execute(AppiumCommandExecutor.java:250)
	at org.openqa.selenium.remote.RemoteWebDriver.execute(RemoteWebDriver.java:602)
	at io.appium.java_client.AppiumDriver.startSession(AppiumDriver.java:274)
	at org.openqa.selenium.remote.RemoteWebDriver.<init>(RemoteWebDriver.java:163)
	at io.appium.java_client.AppiumDriver.<init>(AppiumDriver.java:89)
	at io.appium.java_client.AppiumDriver.<init>(AppiumDriver.java:101)
	at io.appium.java_client.android.AndroidDriver.<init>(AndroidDriver.java:113)
	at org.appium.TestUtils.BaseTest.setUp(BaseTest.java:45)
	at java.base/jdk.internal.reflect.NativeMethodAccessorImpl.invoke0(Native Method)
	at java.base/jdk.internal.reflect.NativeMethodAccessorImpl.invoke(NativeMethodAccessorImpl.java:62)
	at java.base/jdk.internal.reflect.DelegatingMethodAccessorImpl.invoke(DelegatingMethodAccessorImpl.java:43)
	at java.base/java.lang.reflect.Method.invoke(Method.java:566)
	at org.testng.internal.invokers.MethodInvocationHelper.invokeMethod(MethodInvocationHelper.java:141)
	at org.testng.internal.invokers.MethodInvocationHelper.invokeMethodConsideringTimeout(MethodInvocationHelper.java:71)
	at org.testng.internal.invokers.ConfigInvoker.invokeConfigurationMethod(ConfigInvoker.java:400)
	at org.testng.internal.invokers.ConfigInvoker.invokeConfigurations(ConfigInvoker.java:333)
	at org.testng.internal.invokers.TestMethodWorker.invokeBeforeClassMethods(TestMethodWorker.java:188)
	at org.testng.internal.invokers.TestMethodWorker.run(TestMethodWorker.java:128)
	at java.base/java.util.ArrayList.forEach(ArrayList.java:1541)
	at org.testng.TestRunner.privateRun(TestRunner.java:741)
	at org.testng.TestRunner.run(TestRunner.java:616)
	at org.testng.SuiteRunner.runTest(SuiteRunner.java:421)
	at org.testng.SuiteRunner$SuiteWorker.run(SuiteRunner.java:463)
	at org.testng.internal.thread.ThreadUtil.lambda$execute$0(ThreadUtil.java:64)
	at java.base/java.util.concurrent.FutureTask.run(FutureTask.java:264)
	at java.base/java.util.concurrent.ThreadPoolExecutor.runWorker(ThreadPoolExecutor.java:1128)
	at java.base/java.util.concurrent.ThreadPoolExecutor$Worker.run(ThreadPoolExecutor.java:628)
	at java.base/java.lang.Thread.run(Thread.java:834)

